<?xml version="1.0" encoding="UTF-8"?>
<!-- Generated by org.testng.reporters.JUnitXMLReporter -->
<testsuite ignored="0" hostname="DESKTOP-4QG5HHP" failures="0" tests="11" name="Default test" time="109.125" errors="0" timestamp="2024-05-23T03:00:11 IST">
  <testcase classname="tests.HomePageTest" name="validateSearchFunctionalityForWeatherInformation" time="5.567"/>
  <testcase classname="tests.HomePageTest" name="validateWeatherDetailsForSearchedCity" time="4.847"/>
  <testcase classname="tests.HomePageTest" name="validateWeatherInYourCitySearchBoxFunctionality" time="1.243"/>
  <testcase classname="tests.HomePageTest" name="verifyWeatherInYourCityDetails" time="1.094"/>
  <testcase classname="tests.HomePageTest" name="verifySearchBoxFunctionalitiesByEnteringInvalidCityName" time="7.528"/>
  <testcase classname="tests.HomePageTest" name="verifyClickOnMapSectionFunctionality" time="1.665"/>
  <testcase classname="tests.HomePageTest" name="VerifyGlobalPrecipitationLayersUnderMapSectionCanToggle" time="5.433"/>
  <testcase classname="tests.HomePageTest" name="VerifyPressureLayersUnderMapSectionCanToggle" time="4.703"/>
  <testcase classname="tests.HomePageTest" name="VerifyTemperatureLayersUnderMapSectionCanToggle" time="4.665"/>
  <testcase classname="tests.HomePageTest" name="VerifyWindspeedLayersUnderMapSectionCanToggle" time="5.02"/>
  <testcase classname="tests.HomePageTest" name="VerifyCloudsLayersUnderMapSectionCanToggle" time="11.339"/>
</testsuite> <!-- Default test -->
