<?xml version="1.0" encoding="UTF-8"?>
<!-- Generated by org.testng.reporters.JUnitXMLReporter -->
<testsuite ignored="0" hostname="DESKTOP-4QG5HHP" failures="0" tests="11" name="Default test" time="141.887" errors="0" timestamp="2024-05-23T02:36:01 IST">
  <testcase classname="tests.HomePageTest" name="validateSearchFunctionalityForWeatherInformation" time="5.477"/>
  <testcase classname="tests.HomePageTest" name="validateWeatherDetailsForSearchedCity" time="4.703"/>
  <testcase classname="tests.HomePageTest" name="validateWeatherInYourCitySearchBoxFunctionality" time="0.805"/>
  <testcase classname="tests.HomePageTest" name="verifyWeatherInYourCityDetails" time="1.046"/>
  <testcase classname="tests.HomePageTest" name="verifySearchBoxFunctionalitiesByEnteringInvalidCityName" time="7.983"/>
  <testcase classname="tests.HomePageTest" name="verifyClickOnMapSectionFunctionality" time="2.954"/>
  <testcase classname="tests.HomePageTest" name="VerifyGlobalPrecipitationLayersUnderMapSectionCanToggle" time="3.678"/>
  <testcase classname="tests.HomePageTest" name="VerifyPressureLayersUnderMapSectionCanToggle" time="3.317"/>
  <testcase classname="tests.HomePageTest" name="VerifyTemperatureLayersUnderMapSectionCanToggle" time="3.051"/>
  <testcase classname="tests.HomePageTest" name="VerifyWindspeedLayersUnderMapSectionCanToggle" time="3.998"/>
  <testcase classname="tests.HomePageTest" name="VerifyCloudsLayersUnderMapSectionCanToggle" time="3.224"/>
</testsuite> <!-- Default test -->
