<?xml version="1.0" encoding="UTF-8"?>
<testng-results ignored="0" total="11" passed="11" failed="0" skipped="0">
  <reporter-output>
  </reporter-output>
  <suite started-at="2024-05-23T02:58:22 IST" name="Default suite" finished-at="2024-05-23T03:00:11 IST" duration-ms="109125">
    <groups>
    </groups>
    <test started-at="2024-05-23T02:58:22 IST" name="Default test" finished-at="2024-05-23T03:00:11 IST" duration-ms="109125">
      <class name="tests.HomePageTest">
        <test-method is-config="true" signature="launchBrowser()[pri:0, instance:tests.HomePageTest@76b07f29]" started-at="2024-05-23T02:58:22 IST" name="launchBrowser" finished-at="2024-05-23T02:58:30 IST" duration-ms="7747" status="PASS">
          <reporter-output>
          </reporter-output>
        </test-method> <!-- launchBrowser -->
        <test-method signature="validateSearchFunctionalityForWeatherInformation()[pri:1, instance:tests.HomePageTest@76b07f29]" started-at="2024-05-23T02:58:30 IST" name="validateSearchFunctionalityForWeatherInformation" finished-at="2024-05-23T02:58:36 IST" duration-ms="5567" status="PASS">
          <reporter-output>
          </reporter-output>
        </test-method> <!-- validateSearchFunctionalityForWeatherInformation -->
        <test-method is-config="true" signature="tearDown()[pri:0, instance:tests.HomePageTest@76b07f29]" started-at="2024-05-23T02:58:36 IST" name="tearDown" finished-at="2024-05-23T02:58:36 IST" duration-ms="148" status="PASS">
          <reporter-output>
          </reporter-output>
        </test-method> <!-- tearDown -->
        <test-method is-config="true" signature="launchBrowser()[pri:0, instance:tests.HomePageTest@76b07f29]" started-at="2024-05-23T02:58:36 IST" name="launchBrowser" finished-at="2024-05-23T02:58:41 IST" duration-ms="4658" status="PASS">
          <reporter-output>
          </reporter-output>
        </test-method> <!-- launchBrowser -->
        <test-method signature="validateWeatherDetailsForSearchedCity()[pri:2, instance:tests.HomePageTest@76b07f29]" started-at="2024-05-23T02:58:41 IST" name="validateWeatherDetailsForSearchedCity" finished-at="2024-05-23T02:58:45 IST" duration-ms="4847" status="PASS">
          <reporter-output>
          </reporter-output>
        </test-method> <!-- validateWeatherDetailsForSearchedCity -->
        <test-method is-config="true" signature="tearDown()[pri:0, instance:tests.HomePageTest@76b07f29]" started-at="2024-05-23T02:58:45 IST" name="tearDown" finished-at="2024-05-23T02:58:46 IST" duration-ms="139" status="PASS">
          <reporter-output>
          </reporter-output>
        </test-method> <!-- tearDown -->
        <test-method is-config="true" signature="launchBrowser()[pri:0, instance:tests.HomePageTest@76b07f29]" started-at="2024-05-23T02:58:46 IST" name="launchBrowser" finished-at="2024-05-23T02:58:50 IST" duration-ms="4844" status="PASS">
          <reporter-output>
          </reporter-output>
        </test-method> <!-- launchBrowser -->
        <test-method signature="validateWeatherInYourCitySearchBoxFunctionality()[pri:3, instance:tests.HomePageTest@76b07f29]" started-at="2024-05-23T02:58:50 IST" name="validateWeatherInYourCitySearchBoxFunctionality" finished-at="2024-05-23T02:58:52 IST" duration-ms="1243" status="PASS">
          <reporter-output>
          </reporter-output>
        </test-method> <!-- validateWeatherInYourCitySearchBoxFunctionality -->
        <test-method is-config="true" signature="tearDown()[pri:0, instance:tests.HomePageTest@76b07f29]" started-at="2024-05-23T02:58:52 IST" name="tearDown" finished-at="2024-05-23T02:58:52 IST" duration-ms="139" status="PASS">
          <reporter-output>
          </reporter-output>
        </test-method> <!-- tearDown -->
        <test-method is-config="true" signature="launchBrowser()[pri:0, instance:tests.HomePageTest@76b07f29]" started-at="2024-05-23T02:58:52 IST" name="launchBrowser" finished-at="2024-05-23T02:58:56 IST" duration-ms="4233" status="PASS">
          <reporter-output>
          </reporter-output>
        </test-method> <!-- launchBrowser -->
        <test-method signature="verifyWeatherInYourCityDetails()[pri:4, instance:tests.HomePageTest@76b07f29]" started-at="2024-05-23T02:58:56 IST" name="verifyWeatherInYourCityDetails" finished-at="2024-05-23T02:58:57 IST" duration-ms="1094" status="PASS">
          <reporter-output>
          </reporter-output>
        </test-method> <!-- verifyWeatherInYourCityDetails -->
        <test-method is-config="true" signature="tearDown()[pri:0, instance:tests.HomePageTest@76b07f29]" started-at="2024-05-23T02:58:57 IST" name="tearDown" finished-at="2024-05-23T02:58:57 IST" duration-ms="127" status="PASS">
          <reporter-output>
          </reporter-output>
        </test-method> <!-- tearDown -->
        <test-method is-config="true" signature="launchBrowser()[pri:0, instance:tests.HomePageTest@76b07f29]" started-at="2024-05-23T02:58:57 IST" name="launchBrowser" finished-at="2024-05-23T02:59:01 IST" duration-ms="4138" status="PASS">
          <reporter-output>
          </reporter-output>
        </test-method> <!-- launchBrowser -->
        <test-method signature="verifySearchBoxFunctionalitiesByEnteringInvalidCityName()[pri:5, instance:tests.HomePageTest@76b07f29]" started-at="2024-05-23T02:59:01 IST" name="verifySearchBoxFunctionalitiesByEnteringInvalidCityName" finished-at="2024-05-23T02:59:09 IST" duration-ms="7528" status="PASS">
          <reporter-output>
          </reporter-output>
        </test-method> <!-- verifySearchBoxFunctionalitiesByEnteringInvalidCityName -->
        <test-method is-config="true" signature="tearDown()[pri:0, instance:tests.HomePageTest@76b07f29]" started-at="2024-05-23T02:59:09 IST" name="tearDown" finished-at="2024-05-23T02:59:09 IST" duration-ms="153" status="PASS">
          <reporter-output>
          </reporter-output>
        </test-method> <!-- tearDown -->
        <test-method is-config="true" signature="launchBrowser()[pri:0, instance:tests.HomePageTest@76b07f29]" started-at="2024-05-23T02:59:09 IST" name="launchBrowser" finished-at="2024-05-23T02:59:14 IST" duration-ms="5165" status="PASS">
          <reporter-output>
          </reporter-output>
        </test-method> <!-- launchBrowser -->
        <test-method signature="verifyClickOnMapSectionFunctionality()[pri:6, instance:tests.HomePageTest@76b07f29]" started-at="2024-05-23T02:59:14 IST" name="verifyClickOnMapSectionFunctionality" finished-at="2024-05-23T02:59:16 IST" duration-ms="1665" status="PASS">
          <reporter-output>
          </reporter-output>
        </test-method> <!-- verifyClickOnMapSectionFunctionality -->
        <test-method is-config="true" signature="tearDown()[pri:0, instance:tests.HomePageTest@76b07f29]" started-at="2024-05-23T02:59:16 IST" name="tearDown" finished-at="2024-05-23T02:59:16 IST" duration-ms="146" status="PASS">
          <reporter-output>
          </reporter-output>
        </test-method> <!-- tearDown -->
        <test-method is-config="true" signature="launchBrowser()[pri:0, instance:tests.HomePageTest@76b07f29]" started-at="2024-05-23T02:59:16 IST" name="launchBrowser" finished-at="2024-05-23T02:59:20 IST" duration-ms="3993" status="PASS">
          <reporter-output>
          </reporter-output>
        </test-method> <!-- launchBrowser -->
        <test-method signature="VerifyGlobalPrecipitationLayersUnderMapSectionCanToggle()[pri:7, instance:tests.HomePageTest@76b07f29]" started-at="2024-05-23T02:59:20 IST" name="VerifyGlobalPrecipitationLayersUnderMapSectionCanToggle" finished-at="2024-05-23T02:59:26 IST" duration-ms="5433" status="PASS">
          <reporter-output>
          </reporter-output>
        </test-method> <!-- VerifyGlobalPrecipitationLayersUnderMapSectionCanToggle -->
        <test-method is-config="true" signature="tearDown()[pri:0, instance:tests.HomePageTest@76b07f29]" started-at="2024-05-23T02:59:26 IST" name="tearDown" finished-at="2024-05-23T02:59:26 IST" duration-ms="205" status="PASS">
          <reporter-output>
          </reporter-output>
        </test-method> <!-- tearDown -->
        <test-method is-config="true" signature="launchBrowser()[pri:0, instance:tests.HomePageTest@76b07f29]" started-at="2024-05-23T02:59:26 IST" name="launchBrowser" finished-at="2024-05-23T02:59:30 IST" duration-ms="4660" status="PASS">
          <reporter-output>
          </reporter-output>
        </test-method> <!-- launchBrowser -->
        <test-method signature="VerifyPressureLayersUnderMapSectionCanToggle()[pri:8, instance:tests.HomePageTest@76b07f29]" started-at="2024-05-23T02:59:30 IST" name="VerifyPressureLayersUnderMapSectionCanToggle" finished-at="2024-05-23T02:59:35 IST" duration-ms="4703" status="PASS">
          <reporter-output>
          </reporter-output>
        </test-method> <!-- VerifyPressureLayersUnderMapSectionCanToggle -->
        <test-method is-config="true" signature="tearDown()[pri:0, instance:tests.HomePageTest@76b07f29]" started-at="2024-05-23T02:59:35 IST" name="tearDown" finished-at="2024-05-23T02:59:35 IST" duration-ms="205" status="PASS">
          <reporter-output>
          </reporter-output>
        </test-method> <!-- tearDown -->
        <test-method is-config="true" signature="launchBrowser()[pri:0, instance:tests.HomePageTest@76b07f29]" started-at="2024-05-23T02:59:35 IST" name="launchBrowser" finished-at="2024-05-23T02:59:41 IST" duration-ms="5656" status="PASS">
          <reporter-output>
          </reporter-output>
        </test-method> <!-- launchBrowser -->
        <test-method signature="VerifyTemperatureLayersUnderMapSectionCanToggle()[pri:9, instance:tests.HomePageTest@76b07f29]" started-at="2024-05-23T02:59:41 IST" name="VerifyTemperatureLayersUnderMapSectionCanToggle" finished-at="2024-05-23T02:59:46 IST" duration-ms="4665" status="PASS">
          <reporter-output>
          </reporter-output>
        </test-method> <!-- VerifyTemperatureLayersUnderMapSectionCanToggle -->
        <test-method is-config="true" signature="tearDown()[pri:0, instance:tests.HomePageTest@76b07f29]" started-at="2024-05-23T02:59:46 IST" name="tearDown" finished-at="2024-05-23T02:59:46 IST" duration-ms="199" status="PASS">
          <reporter-output>
          </reporter-output>
        </test-method> <!-- tearDown -->
        <test-method is-config="true" signature="launchBrowser()[pri:0, instance:tests.HomePageTest@76b07f29]" started-at="2024-05-23T02:59:46 IST" name="launchBrowser" finished-at="2024-05-23T02:59:50 IST" duration-ms="4235" status="PASS">
          <reporter-output>
          </reporter-output>
        </test-method> <!-- launchBrowser -->
        <test-method signature="VerifyWindspeedLayersUnderMapSectionCanToggle()[pri:10, instance:tests.HomePageTest@76b07f29]" started-at="2024-05-23T02:59:50 IST" name="VerifyWindspeedLayersUnderMapSectionCanToggle" finished-at="2024-05-23T02:59:55 IST" duration-ms="5020" status="PASS">
          <reporter-output>
          </reporter-output>
        </test-method> <!-- VerifyWindspeedLayersUnderMapSectionCanToggle -->
        <test-method is-config="true" signature="tearDown()[pri:0, instance:tests.HomePageTest@76b07f29]" started-at="2024-05-23T02:59:55 IST" name="tearDown" finished-at="2024-05-23T02:59:55 IST" duration-ms="215" status="PASS">
          <reporter-output>
          </reporter-output>
        </test-method> <!-- tearDown -->
        <test-method is-config="true" signature="launchBrowser()[pri:0, instance:tests.HomePageTest@76b07f29]" started-at="2024-05-23T02:59:55 IST" name="launchBrowser" finished-at="2024-05-23T03:00:00 IST" duration-ms="4589" status="PASS">
          <reporter-output>
          </reporter-output>
        </test-method> <!-- launchBrowser -->
        <test-method signature="VerifyCloudsLayersUnderMapSectionCanToggle()[pri:11, instance:tests.HomePageTest@76b07f29]" started-at="2024-05-23T03:00:00 IST" name="VerifyCloudsLayersUnderMapSectionCanToggle" finished-at="2024-05-23T03:00:11 IST" duration-ms="11339" status="PASS">
          <reporter-output>
          </reporter-output>
        </test-method> <!-- VerifyCloudsLayersUnderMapSectionCanToggle -->
        <test-method is-config="true" signature="tearDown()[pri:0, instance:tests.HomePageTest@76b07f29]" started-at="2024-05-23T03:00:11 IST" name="tearDown" finished-at="2024-05-23T03:00:11 IST" duration-ms="224" status="PASS">
          <reporter-output>
          </reporter-output>
        </test-method> <!-- tearDown -->
      </class> <!-- tests.HomePageTest -->
    </test> <!-- Default test -->
  </suite> <!-- Default suite -->
</testng-results>
