<?xml version="1.0" encoding="UTF-8"?>
<testng-results ignored="0" total="11" passed="11" failed="0" skipped="0">
  <reporter-output>
  </reporter-output>
  <suite started-at="2024-05-23T02:33:39 IST" name="Default suite" finished-at="2024-05-23T02:36:01 IST" duration-ms="141887">
    <groups>
    </groups>
    <test started-at="2024-05-23T02:33:39 IST" name="Default test" finished-at="2024-05-23T02:36:01 IST" duration-ms="141887">
      <class name="tests.HomePageTest">
        <test-method is-config="true" signature="initializeExtentReport()[pri:0, instance:tests.HomePageTest@7b50df34]" started-at="2024-05-23T02:33:39 IST" name="initializeExtentReport" finished-at="2024-05-23T02:33:39 IST" duration-ms="189" status="PASS">
          <reporter-output>
          </reporter-output>
        </test-method> <!-- initializeExtentReport -->
        <test-method is-config="true" signature="launchBrowser()[pri:0, instance:tests.HomePageTest@7b50df34]" started-at="2024-05-23T02:33:39 IST" name="launchBrowser" finished-at="2024-05-23T02:33:45 IST" duration-ms="6205" status="PASS">
          <reporter-output>
          </reporter-output>
        </test-method> <!-- launchBrowser -->
        <test-method signature="validateSearchFunctionalityForWeatherInformation()[pri:1, instance:tests.HomePageTest@7b50df34]" started-at="2024-05-23T02:33:45 IST" name="validateSearchFunctionalityForWeatherInformation" finished-at="2024-05-23T02:33:51 IST" duration-ms="5477" status="PASS">
          <reporter-output>
          </reporter-output>
        </test-method> <!-- validateSearchFunctionalityForWeatherInformation -->
        <test-method is-config="true" signature="tearDown()[pri:0, instance:tests.HomePageTest@7b50df34]" started-at="2024-05-23T02:33:51 IST" name="tearDown" finished-at="2024-05-23T02:33:51 IST" duration-ms="181" status="PASS">
          <reporter-output>
          </reporter-output>
        </test-method> <!-- tearDown -->
        <test-method is-config="true" signature="launchBrowser()[pri:0, instance:tests.HomePageTest@7b50df34]" started-at="2024-05-23T02:33:51 IST" name="launchBrowser" finished-at="2024-05-23T02:33:57 IST" duration-ms="5626" status="PASS">
          <reporter-output>
          </reporter-output>
        </test-method> <!-- launchBrowser -->
        <test-method signature="validateWeatherDetailsForSearchedCity()[pri:2, instance:tests.HomePageTest@7b50df34]" started-at="2024-05-23T02:33:57 IST" name="validateWeatherDetailsForSearchedCity" finished-at="2024-05-23T02:34:01 IST" duration-ms="4703" status="PASS">
          <reporter-output>
          </reporter-output>
        </test-method> <!-- validateWeatherDetailsForSearchedCity -->
        <test-method is-config="true" signature="tearDown()[pri:0, instance:tests.HomePageTest@7b50df34]" started-at="2024-05-23T02:34:01 IST" name="tearDown" finished-at="2024-05-23T02:34:01 IST" duration-ms="167" status="PASS">
          <reporter-output>
          </reporter-output>
        </test-method> <!-- tearDown -->
        <test-method is-config="true" signature="launchBrowser()[pri:0, instance:tests.HomePageTest@7b50df34]" started-at="2024-05-23T02:34:01 IST" name="launchBrowser" finished-at="2024-05-23T02:34:07 IST" duration-ms="5688" status="PASS">
          <reporter-output>
          </reporter-output>
        </test-method> <!-- launchBrowser -->
        <test-method signature="validateWeatherInYourCitySearchBoxFunctionality()[pri:3, instance:tests.HomePageTest@7b50df34]" started-at="2024-05-23T02:34:07 IST" name="validateWeatherInYourCitySearchBoxFunctionality" finished-at="2024-05-23T02:34:08 IST" duration-ms="805" status="PASS">
          <reporter-output>
          </reporter-output>
        </test-method> <!-- validateWeatherInYourCitySearchBoxFunctionality -->
        <test-method is-config="true" signature="tearDown()[pri:0, instance:tests.HomePageTest@7b50df34]" started-at="2024-05-23T02:34:08 IST" name="tearDown" finished-at="2024-05-23T02:34:08 IST" duration-ms="118" status="PASS">
          <reporter-output>
          </reporter-output>
        </test-method> <!-- tearDown -->
        <test-method is-config="true" signature="launchBrowser()[pri:0, instance:tests.HomePageTest@7b50df34]" started-at="2024-05-23T02:34:08 IST" name="launchBrowser" finished-at="2024-05-23T02:34:23 IST" duration-ms="15317" status="PASS">
          <reporter-output>
          </reporter-output>
        </test-method> <!-- launchBrowser -->
        <test-method signature="verifyWeatherInYourCityDetails()[pri:4, instance:tests.HomePageTest@7b50df34]" started-at="2024-05-23T02:34:23 IST" name="verifyWeatherInYourCityDetails" finished-at="2024-05-23T02:34:24 IST" duration-ms="1046" status="PASS">
          <reporter-output>
          </reporter-output>
        </test-method> <!-- verifyWeatherInYourCityDetails -->
        <test-method is-config="true" signature="tearDown()[pri:0, instance:tests.HomePageTest@7b50df34]" started-at="2024-05-23T02:34:24 IST" name="tearDown" finished-at="2024-05-23T02:34:25 IST" duration-ms="157" status="PASS">
          <reporter-output>
          </reporter-output>
        </test-method> <!-- tearDown -->
        <test-method is-config="true" signature="launchBrowser()[pri:0, instance:tests.HomePageTest@7b50df34]" started-at="2024-05-23T02:34:25 IST" name="launchBrowser" finished-at="2024-05-23T02:34:29 IST" duration-ms="4586" status="PASS">
          <reporter-output>
          </reporter-output>
        </test-method> <!-- launchBrowser -->
        <test-method signature="verifySearchBoxFunctionalitiesByEnteringInvalidCityName()[pri:5, instance:tests.HomePageTest@7b50df34]" started-at="2024-05-23T02:34:29 IST" name="verifySearchBoxFunctionalitiesByEnteringInvalidCityName" finished-at="2024-05-23T02:34:37 IST" duration-ms="7983" status="PASS">
          <reporter-output>
          </reporter-output>
        </test-method> <!-- verifySearchBoxFunctionalitiesByEnteringInvalidCityName -->
        <test-method is-config="true" signature="tearDown()[pri:0, instance:tests.HomePageTest@7b50df34]" started-at="2024-05-23T02:34:37 IST" name="tearDown" finished-at="2024-05-23T02:34:39 IST" duration-ms="1726" status="PASS">
          <reporter-output>
          </reporter-output>
        </test-method> <!-- tearDown -->
        <test-method is-config="true" signature="launchBrowser()[pri:0, instance:tests.HomePageTest@7b50df34]" started-at="2024-05-23T02:34:39 IST" name="launchBrowser" finished-at="2024-05-23T02:34:48 IST" duration-ms="8917" status="PASS">
          <reporter-output>
          </reporter-output>
        </test-method> <!-- launchBrowser -->
        <test-method signature="verifyClickOnMapSectionFunctionality()[pri:6, instance:tests.HomePageTest@7b50df34]" started-at="2024-05-23T02:34:48 IST" name="verifyClickOnMapSectionFunctionality" finished-at="2024-05-23T02:34:51 IST" duration-ms="2954" status="PASS">
          <reporter-output>
          </reporter-output>
        </test-method> <!-- verifyClickOnMapSectionFunctionality -->
        <test-method is-config="true" signature="tearDown()[pri:0, instance:tests.HomePageTest@7b50df34]" started-at="2024-05-23T02:34:51 IST" name="tearDown" finished-at="2024-05-23T02:34:51 IST" duration-ms="155" status="PASS">
          <reporter-output>
          </reporter-output>
        </test-method> <!-- tearDown -->
        <test-method is-config="true" signature="launchBrowser()[pri:0, instance:tests.HomePageTest@7b50df34]" started-at="2024-05-23T02:34:51 IST" name="launchBrowser" finished-at="2024-05-23T02:35:00 IST" duration-ms="8949" status="PASS">
          <reporter-output>
          </reporter-output>
        </test-method> <!-- launchBrowser -->
        <test-method signature="VerifyGlobalPrecipitationLayersUnderMapSectionCanToggle()[pri:7, instance:tests.HomePageTest@7b50df34]" started-at="2024-05-23T02:35:00 IST" name="VerifyGlobalPrecipitationLayersUnderMapSectionCanToggle" finished-at="2024-05-23T02:35:04 IST" duration-ms="3678" status="PASS">
          <reporter-output>
          </reporter-output>
        </test-method> <!-- VerifyGlobalPrecipitationLayersUnderMapSectionCanToggle -->
        <test-method is-config="true" signature="tearDown()[pri:0, instance:tests.HomePageTest@7b50df34]" started-at="2024-05-23T02:35:04 IST" name="tearDown" finished-at="2024-05-23T02:35:04 IST" duration-ms="158" status="PASS">
          <reporter-output>
          </reporter-output>
        </test-method> <!-- tearDown -->
        <test-method is-config="true" signature="launchBrowser()[pri:0, instance:tests.HomePageTest@7b50df34]" started-at="2024-05-23T02:35:04 IST" name="launchBrowser" finished-at="2024-05-23T02:35:14 IST" duration-ms="9778" status="PASS">
          <reporter-output>
          </reporter-output>
        </test-method> <!-- launchBrowser -->
        <test-method signature="VerifyPressureLayersUnderMapSectionCanToggle()[pri:8, instance:tests.HomePageTest@7b50df34]" started-at="2024-05-23T02:35:14 IST" name="VerifyPressureLayersUnderMapSectionCanToggle" finished-at="2024-05-23T02:35:17 IST" duration-ms="3317" status="PASS">
          <reporter-output>
          </reporter-output>
        </test-method> <!-- VerifyPressureLayersUnderMapSectionCanToggle -->
        <test-method is-config="true" signature="tearDown()[pri:0, instance:tests.HomePageTest@7b50df34]" started-at="2024-05-23T02:35:17 IST" name="tearDown" finished-at="2024-05-23T02:35:17 IST" duration-ms="157" status="PASS">
          <reporter-output>
          </reporter-output>
        </test-method> <!-- tearDown -->
        <test-method is-config="true" signature="launchBrowser()[pri:0, instance:tests.HomePageTest@7b50df34]" started-at="2024-05-23T02:35:17 IST" name="launchBrowser" finished-at="2024-05-23T02:35:30 IST" duration-ms="12693" status="PASS">
          <reporter-output>
          </reporter-output>
        </test-method> <!-- launchBrowser -->
        <test-method signature="VerifyTemperatureLayersUnderMapSectionCanToggle()[pri:9, instance:tests.HomePageTest@7b50df34]" started-at="2024-05-23T02:35:30 IST" name="VerifyTemperatureLayersUnderMapSectionCanToggle" finished-at="2024-05-23T02:35:33 IST" duration-ms="3051" status="PASS">
          <reporter-output>
          </reporter-output>
        </test-method> <!-- VerifyTemperatureLayersUnderMapSectionCanToggle -->
        <test-method is-config="true" signature="tearDown()[pri:0, instance:tests.HomePageTest@7b50df34]" started-at="2024-05-23T02:35:33 IST" name="tearDown" finished-at="2024-05-23T02:35:33 IST" duration-ms="167" status="PASS">
          <reporter-output>
          </reporter-output>
        </test-method> <!-- tearDown -->
        <test-method is-config="true" signature="launchBrowser()[pri:0, instance:tests.HomePageTest@7b50df34]" started-at="2024-05-23T02:35:33 IST" name="launchBrowser" finished-at="2024-05-23T02:35:44 IST" duration-ms="11535" status="PASS">
          <reporter-output>
          </reporter-output>
        </test-method> <!-- launchBrowser -->
        <test-method signature="VerifyWindspeedLayersUnderMapSectionCanToggle()[pri:10, instance:tests.HomePageTest@7b50df34]" started-at="2024-05-23T02:35:44 IST" name="VerifyWindspeedLayersUnderMapSectionCanToggle" finished-at="2024-05-23T02:35:48 IST" duration-ms="3998" status="PASS">
          <reporter-output>
          </reporter-output>
        </test-method> <!-- VerifyWindspeedLayersUnderMapSectionCanToggle -->
        <test-method is-config="true" signature="tearDown()[pri:0, instance:tests.HomePageTest@7b50df34]" started-at="2024-05-23T02:35:48 IST" name="tearDown" finished-at="2024-05-23T02:35:49 IST" duration-ms="138" status="PASS">
          <reporter-output>
          </reporter-output>
        </test-method> <!-- tearDown -->
        <test-method is-config="true" signature="launchBrowser()[pri:0, instance:tests.HomePageTest@7b50df34]" started-at="2024-05-23T02:35:49 IST" name="launchBrowser" finished-at="2024-05-23T02:35:57 IST" duration-ms="8887" status="PASS">
          <reporter-output>
          </reporter-output>
        </test-method> <!-- launchBrowser -->
        <test-method signature="VerifyCloudsLayersUnderMapSectionCanToggle()[pri:11, instance:tests.HomePageTest@7b50df34]" started-at="2024-05-23T02:35:57 IST" name="VerifyCloudsLayersUnderMapSectionCanToggle" finished-at="2024-05-23T02:36:01 IST" duration-ms="3224" status="PASS">
          <reporter-output>
          </reporter-output>
        </test-method> <!-- VerifyCloudsLayersUnderMapSectionCanToggle -->
        <test-method is-config="true" signature="tearDown()[pri:0, instance:tests.HomePageTest@7b50df34]" started-at="2024-05-23T02:36:01 IST" name="tearDown" finished-at="2024-05-23T02:36:01 IST" duration-ms="163" status="PASS">
          <reporter-output>
          </reporter-output>
        </test-method> <!-- tearDown -->
      </class> <!-- tests.HomePageTest -->
    </test> <!-- Default test -->
  </suite> <!-- Default suite -->
</testng-results>
