<?xml version="1.0" encoding="UTF-8"?>
<!-- Generated by org.testng.reporters.JUnitXMLReporter -->
<testsuite ignored="0" hostname="DESKTOP-4QG5HHP" failures="0" tests="11" name="Test" time="110.943" errors="0" timestamp="2024-05-22T23:01:28 IST">
  <testcase classname="tests.HomePageTest" name="validateSearchFunctionalityForWeatherInformation" time="5.087"/>
  <testcase classname="tests.HomePageTest" name="validateWeatherDetailsForSearchedCity" time="4.692"/>
  <testcase classname="tests.HomePageTest" name="validateWeatherInYourCitySearchBoxFunctionality" time="1.138"/>
  <testcase classname="tests.HomePageTest" name="verifyWeatherInYourCityDetails" time="2.995"/>
  <testcase classname="tests.HomePageTest" name="verifySearchBoxFunctionalitiesByEnteringInvalidCityName" time="7.44"/>
  <testcase classname="tests.HomePageTest" name="verifyClickOnMapSectionFunctionality" time="2.465"/>
  <testcase classname="tests.HomePageTest" name="VerifyGlobalPrecipitationLayersUnderMapSectionCanToggle" time="1.87"/>
  <testcase classname="tests.HomePageTest" name="VerifyPressureLayersUnderMapSectionCanToggle" time="2.582"/>
  <testcase classname="tests.HomePageTest" name="VerifyTemperatureLayersUnderMapSectionCanToggle" time="3.103"/>
  <testcase classname="tests.HomePageTest" name="VerifyWindspeedLayersUnderMapSectionCanToggle" time="1.95"/>
  <testcase classname="tests.HomePageTest" name="VerifyCloudsLayersUnderMapSectionCanToggle" time="2.628"/>
</testsuite> <!-- Test -->
